<?xml version="1.0" encoding="UTF-8"?>
<!-- Generated by org.testng.reporters.JUnitReportReporter -->
<testsuite hostname="ABS_ASUS_9526" failures="0" tests="2" name="TestNGClass.FlipkartNG1" time="27.917" errors="0" timestamp="2023-02-13T16:48:17 IST" skipped="0">
  <testcase classname="TestNGClass.FlipkartNG1" name="test" time="14.499"/>
  <system-out/>
  <testcase classname="TestNGClass.FlipkartNG1" name="test" time="13.418"/>
  <system-out/>
</testsuite> <!-- TestNGClass.FlipkartNG1 -->
