<?xml version="1.0" encoding="UTF-8"?>
<!-- Generated by org.testng.reporters.JUnitReportReporter -->
<testsuite hostname="ABS_ASUS_9526" failures="0" tests="1" name="testpack.TestNgClass" time="0.011" errors="0" timestamp="2023-01-26T13:50:56 IST" skipped="0">
  <testcase classname="testpack.TestNgClass" name="test" time="0.011"/>
  <system-out/>
</testsuite> <!-- testpack.TestNgClass -->
