<?xml version="1.0" encoding="UTF-8"?>
<!-- Generated by org.testng.reporters.JUnitReportReporter -->
<testsuite hostname="ABS_ASUS_9526" failures="0" tests="15" name="TestNGClass.AngelBrockingNG$TrialNG" time="0.004" errors="3" timestamp="2023-02-13T12:02:44 IST" skipped="12">
  <testcase classname="TestNGClass.AngelBrockingNG$TrialNG" name="VerifyStock" time="0.000">
    <skipped/>
  </testcase> <!-- VerifyStock -->
  <system-out/>
  <testcase classname="TestNGClass.AngelBrockingNG$TrialNG" name="beforeClass" time="0.001">
    <error message="Cannot invoke &quot;org.openqa.selenium.WebDriver.get(String)&quot; because &quot;this.driver&quot; is null" type="java.lang.NullPointerException">
      <![CDATA[java.lang.NullPointerException: Cannot invoke "org.openqa.selenium.WebDriver.get(String)" because "this.driver" is null
at TestNGClass.AngelBrockingNG$TrialNG.beforeClass(AngelBrockingNG.java:52)
at java.base/jdk.internal.reflect.NativeMethodAccessorImpl.invoke0(Native Method)
at java.base/jdk.internal.reflect.NativeMethodAccessorImpl.invoke(NativeMethodAccessorImpl.java:77)
at java.base/jdk.internal.reflect.DelegatingMethodAccessorImpl.invoke(DelegatingMethodAccessorImpl.java:43)
at java.base/java.lang.reflect.Method.invoke(Method.java:568)
at org.testng.internal.invokers.MethodInvocationHelper.invokeMethod(MethodInvocationHelper.java:135)
at org.testng.internal.invokers.MethodInvocationHelper.invokeMethodConsideringTimeout(MethodInvocationHelper.java:65)
at org.testng.internal.invokers.ConfigInvoker.invokeConfigurationMethod(ConfigInvoker.java:381)
at org.testng.internal.invokers.ConfigInvoker.invokeConfigurations(ConfigInvoker.java:319)
at org.testng.internal.invokers.TestMethodWorker.invokeBeforeClassMethods(TestMethodWorker.java:178)
at org.testng.internal.invokers.TestMethodWorker.run(TestMethodWorker.java:122)
at java.base/java.util.concurrent.ThreadPoolExecutor.runWorker(ThreadPoolExecutor.java:1136)
at java.base/java.util.concurrent.ThreadPoolExecutor$Worker.run(ThreadPoolExecutor.java:635)
at java.base/java.lang.Thread.run(Thread.java:833)
]]>
    </error>
  </testcase> <!-- beforeClass -->
  <system-out/>
  <testcase classname="TestNGClass.AngelBrockingNG$TrialNG" name="VerifyStock" time="0.000">
    <skipped/>
  </testcase> <!-- VerifyStock -->
  <system-out/>
  <testcase classname="TestNGClass.AngelBrockingNG$TrialNG" name="beforeClass" time="0.000">
    <error message="Cannot invoke &quot;org.openqa.selenium.WebDriver.get(String)&quot; because &quot;this.driver&quot; is null" type="java.lang.NullPointerException">
      <![CDATA[java.lang.NullPointerException: Cannot invoke "org.openqa.selenium.WebDriver.get(String)" because "this.driver" is null
at TestNGClass.AngelBrockingNG$TrialNG.beforeClass(AngelBrockingNG.java:52)
at java.base/jdk.internal.reflect.NativeMethodAccessorImpl.invoke0(Native Method)
at java.base/jdk.internal.reflect.NativeMethodAccessorImpl.invoke(NativeMethodAccessorImpl.java:77)
at java.base/jdk.internal.reflect.DelegatingMethodAccessorImpl.invoke(DelegatingMethodAccessorImpl.java:43)
at java.base/java.lang.reflect.Method.invoke(Method.java:568)
at org.testng.internal.invokers.MethodInvocationHelper.invokeMethod(MethodInvocationHelper.java:135)
at org.testng.internal.invokers.MethodInvocationHelper.invokeMethodConsideringTimeout(MethodInvocationHelper.java:65)
at org.testng.internal.invokers.ConfigInvoker.invokeConfigurationMethod(ConfigInvoker.java:381)
at org.testng.internal.invokers.ConfigInvoker.invokeConfigurations(ConfigInvoker.java:319)
at org.testng.internal.invokers.TestMethodWorker.invokeBeforeClassMethods(TestMethodWorker.java:178)
at org.testng.internal.invokers.TestMethodWorker.run(TestMethodWorker.java:122)
at java.base/java.util.concurrent.ThreadPoolExecutor.runWorker(ThreadPoolExecutor.java:1136)
at java.base/java.util.concurrent.ThreadPoolExecutor$Worker.run(ThreadPoolExecutor.java:635)
at java.base/java.lang.Thread.run(Thread.java:833)
]]>
    </error>
  </testcase> <!-- beforeClass -->
  <system-out/>
  <testcase classname="TestNGClass.AngelBrockingNG$TrialNG" name="VerifyStock" time="0.000">
    <skipped/>
  </testcase> <!-- VerifyStock -->
  <system-out/>
  <testcase classname="TestNGClass.AngelBrockingNG$TrialNG" name="beforeClass" time="0.002">
    <error message="Cannot invoke &quot;org.openqa.selenium.WebDriver.get(String)&quot; because &quot;this.driver&quot; is null" type="java.lang.NullPointerException">
      <![CDATA[java.lang.NullPointerException: Cannot invoke "org.openqa.selenium.WebDriver.get(String)" because "this.driver" is null
at TestNGClass.AngelBrockingNG$TrialNG.beforeClass(AngelBrockingNG.java:52)
at java.base/jdk.internal.reflect.NativeMethodAccessorImpl.invoke0(Native Method)
at java.base/jdk.internal.reflect.NativeMethodAccessorImpl.invoke(NativeMethodAccessorImpl.java:77)
at java.base/jdk.internal.reflect.DelegatingMethodAccessorImpl.invoke(DelegatingMethodAccessorImpl.java:43)
at java.base/java.lang.reflect.Method.invoke(Method.java:568)
at org.testng.internal.invokers.MethodInvocationHelper.invokeMethod(MethodInvocationHelper.java:135)
at org.testng.internal.invokers.MethodInvocationHelper.invokeMethodConsideringTimeout(MethodInvocationHelper.java:65)
at org.testng.internal.invokers.ConfigInvoker.invokeConfigurationMethod(ConfigInvoker.java:381)
at org.testng.internal.invokers.ConfigInvoker.invokeConfigurations(ConfigInvoker.java:319)
at org.testng.internal.invokers.TestMethodWorker.invokeBeforeClassMethods(TestMethodWorker.java:178)
at org.testng.internal.invokers.TestMethodWorker.run(TestMethodWorker.java:122)
at java.base/java.util.concurrent.ThreadPoolExecutor.runWorker(ThreadPoolExecutor.java:1136)
at java.base/java.util.concurrent.ThreadPoolExecutor$Worker.run(ThreadPoolExecutor.java:635)
at java.base/java.lang.Thread.run(Thread.java:833)
]]>
    </error>
  </testcase> <!-- beforeClass -->
  <system-out/>
  <testcase classname="TestNGClass.AngelBrockingNG$TrialNG" name="VerifyMutualFund" time="0.001">
    <skipped/>
  </testcase> <!-- VerifyMutualFund -->
  <system-out/>
  <testcase classname="TestNGClass.AngelBrockingNG$TrialNG" name="VerifyMutualFund" time="0.000">
    <skipped/>
  </testcase> <!-- VerifyMutualFund -->
  <system-out/>
  <testcase classname="TestNGClass.AngelBrockingNG$TrialNG" name="VerifyMutualFund" time="0.000">
    <skipped/>
  </testcase> <!-- VerifyMutualFund -->
  <system-out/>
  <testcase classname="TestNGClass.AngelBrockingNG$TrialNG" name="VerifyIPO" time="0.000">
    <skipped/>
  </testcase> <!-- VerifyIPO -->
  <system-out/>
  <testcase classname="TestNGClass.AngelBrockingNG$TrialNG" name="VerifyIPO" time="0.000">
    <skipped/>
  </testcase> <!-- VerifyIPO -->
  <system-out/>
  <testcase classname="TestNGClass.AngelBrockingNG$TrialNG" name="VerifyIPO" time="0.000">
    <skipped/>
  </testcase> <!-- VerifyIPO -->
  <system-out/>
  <testcase classname="TestNGClass.AngelBrockingNG$TrialNG" name="VerifyUsStock" time="0.000">
    <skipped/>
  </testcase> <!-- VerifyUsStock -->
  <system-out/>
  <testcase classname="TestNGClass.AngelBrockingNG$TrialNG" name="VerifyUsStock" time="0.000">
    <skipped/>
  </testcase> <!-- VerifyUsStock -->
  <system-out/>
  <testcase classname="TestNGClass.AngelBrockingNG$TrialNG" name="VerifyUsStock" time="0.000">
    <skipped/>
  </testcase> <!-- VerifyUsStock -->
  <system-out/>
</testsuite> <!-- TestNGClass.AngelBrockingNG$TrialNG -->
