<?xml version="1.0" encoding="UTF-8"?>
<!-- Generated by org.testng.reporters.JUnitReportReporter -->
<testsuite hostname="ABS_ASUS_9526" failures="0" tests="5" name="TestNGClass.TrialNG" time="3.016" errors="0" timestamp="2023-02-09T22:49:34 IST" skipped="0">
  <testcase classname="TestNGClass.TrialNG" name="test3" time="0.016"/>
  <system-out/>
  <testcase classname="TestNGClass.TrialNG" name="test4" time="0.003"/>
  <system-out/>
  <testcase classname="TestNGClass.TrialNG" name="test2" time="2.989"/>
  <system-out/>
  <testcase classname="TestNGClass.TrialNG" name="test5" time="0.005"/>
  <system-out/>
  <testcase classname="TestNGClass.TrialNG" name="test1" time="0.003"/>
  <system-out/>
</testsuite> <!-- TestNGClass.TrialNG -->
